<?xml version="1.0" encoding="UTF-8"?>
<!-- Generated by org.testng.reporters.JUnitReportReporter -->
<testsuite hostname="DESKTOP-Q8NBHN4" failures="0" tests="3" name="com.webtestapp.webtest1.NewTest" time="10.945" errors="0" timestamp="2021-09-16T22:48:38 IST" skipped="0">
  <testcase classname="com.webtestapp.webtest1.NewTest" name="test2" time="3.413"/>
  <system-out/>
  <testcase classname="com.webtestapp.webtest1.NewTest" name="test3" time="3.646"/>
  <system-out/>
  <testcase classname="com.webtestapp.webtest1.NewTest" name="test1" time="3.886"/>
  <system-out/>
</testsuite> <!-- com.webtestapp.webtest1.NewTest -->
