<?xml version="1.0" encoding="UTF-8"?>
<!-- Generated by org.testng.reporters.JUnitReportReporter -->
<testsuite hostname="DESKTOP-Q8NBHN4" failures="0" tests="3" name="com.webtestapp.webtest1.NewTest" time="13.365" errors="0" timestamp="2021-09-16T23:18:26 IST" skipped="0">
  <testcase classname="com.webtestapp.webtest1.NewTest" name="test1" time="2.531"/>
  <system-out/>
  <testcase classname="com.webtestapp.webtest1.NewTest" name="test2" time="4.010"/>
  <system-out/>
  <testcase classname="com.webtestapp.webtest1.NewTest" name="test3" time="6.824"/>
  <system-out/>
</testsuite> <!-- com.webtestapp.webtest1.NewTest -->
