<?xml version="1.0" encoding="UTF-8"?>
<!-- Generated by org.testng.reporters.JUnitReportReporter -->
<testsuite hostname="DESKTOP-Q8NBHN4" failures="0" tests="5" name="com.webtestapp.webtest1.NewTest2" time="47.243" errors="0" timestamp="2021-09-16T23:18:26 IST" skipped="0">
  <testcase classname="com.webtestapp.webtest1.NewTest2" name="testJbkTitle" time="10.740"/>
  <system-out/>
  <testcase classname="com.webtestapp.webtest1.NewTest2" name="testJbkTitleInvalid" time="0.905"/>
  <system-out/>
  <testcase classname="com.webtestapp.webtest1.NewTest2" name="testJbkTitlesubmit" time="29.023"/>
  <system-out/>
  <testcase classname="com.webtestapp.webtest1.NewTest2" name="testJbkTitlecheck" time="0.483"/>
  <system-out/>
  <testcase classname="com.webtestapp.webtest1.NewTest2" name="testJbkTitlescroll" time="6.092"/>
  <system-out/>
</testsuite> <!-- com.webtestapp.webtest1.NewTest2 -->
